<?xml version="1.0" encoding="UTF-8"?>
<!-- Generated by org.testng.reporters.JUnitReportReporter -->
<testsuite hostname="DESKTOP-6FQQ1FF" failures="0" tests="1" name="com.facebook.findElements.Elements" time="8.715" errors="0" timestamp="2023-09-23T14:51:55 EDT" skipped="0">
  <testcase classname="com.facebook.findElements.Elements" name="listOfElements" time="8.715"/>
  <system-out/>
</testsuite> <!-- com.facebook.findElements.Elements -->
