<?xml version="1.0" encoding="UTF-8"?>
<!-- Generated by org.testng.reporters.JUnitReportReporter -->
<testsuite hostname="DESKTOP-6FQQ1FF" failures="0" tests="1" name="com.facebook.locators.RegularCSS" time="4.952" errors="0" timestamp="2023-09-24T11:25:57 EDT" skipped="0">
  <testcase classname="com.facebook.locators.RegularCSS" name="loginTest" time="4.952"/>
  <system-out/>
</testsuite> <!-- com.facebook.locators.RegularCSS -->
