<?xml version="1.0" encoding="UTF-8"?>
<!-- Generated by org.testng.reporters.JUnitReportReporter -->
<testsuite hostname="DESKTOP-6FQQ1FF" failures="0" tests="1" name="com.facebook.locators.ContainFunctionXpath" time="0.019" errors="0" timestamp="2023-09-17T11:17:57 EDT" skipped="0">
  <testcase classname="com.facebook.locators.ContainFunctionXpath" name="containFunction" time="0.019"/>
  <system-out/>
</testsuite> <!-- com.facebook.locators.ContainFunctionXpath -->
