<?xml version="1.0" encoding="UTF-8"?>
<!-- Generated by org.testng.reporters.JUnitReportReporter -->
<testsuite hostname="DESKTOP-6FQQ1FF" failures="0" tests="1" name="com.facebook.locators.DirectLocators" time="0.127" errors="0" timestamp="2023-09-10T12:47:02 EDT" skipped="0">
  <testcase classname="com.facebook.locators.DirectLocators" name="idLocatorsTest" time="0.127"/>
  <system-out/>
</testsuite> <!-- com.facebook.locators.DirectLocators -->
