<?xml version="1.0" encoding="UTF-8"?>
<!-- Generated by org.testng.reporters.JUnitReportReporter -->
<testsuite hostname="DESKTOP-6FQQ1FF" failures="0" tests="3" name="com.facebookTest.FacebookTest" time="12.984" errors="0" timestamp="2023-09-09T12:45:35 EDT" skipped="0">
  <testcase classname="com.facebookTest.FacebookTest" name="testone" time="0.004"/>
  <system-out/>
  <testcase classname="com.facebookTest.FacebookTest" name="openEdgeBrowser" time="8.088"/>
  <system-out/>
  <testcase classname="com.facebookTest.FacebookTest" name="openChromeBrowser" time="4.892"/>
  <system-out/>
</testsuite> <!-- com.facebookTest.FacebookTest -->
